  Components.cpp
  CrEngine.cpp
  SandBoxBase.cpp
  Manimain.cpp
  Devices.cpp
  OrthoCamera.cpp
  BufferLayout.cpp
  Shader.cpp
  IndexBuffer.cpp
  Renderer.cpp
  Window.cpp
C:\Users\rasa_\source\repos\CherryEngine\CherryEngine\src\Cherry\OpenGL\Window.cpp(156,25): warning C4244: '=': conversion from 'double' to 'float', possible loss of data
C:\Users\rasa_\source\repos\CherryEngine\CherryEngine\src\Cherry\OpenGL\Window.cpp(157,25): warning C4244: '=': conversion from 'double' to 'float', possible loss of data
  VertexBuffer.cpp
  VertexArray.cpp
  Texture.cpp
LINK : warning LNK4098: defaultlib 'LIBCMT' conflicts with use of other libs; use /NODEFAULTLIB:library
  Generating code
  Previous IPDB not found, fall back to full compilation.
  All 968 functions were compiled because no usable IPDB/IOBJ from previous compilation was found.
  Finished generating code
glew32s.lib(glew.obj) : warning LNK4099: PDB 'vc120.pdb' was not found with 'glew32s.lib(glew.obj)' or at 'C:\Users\rasa_\source\repos\CherryEngine\Release\vc120.pdb'; linking object as if no debug info
  CherryEngine.vcxproj -> C:\Users\rasa_\source\repos\CherryEngine\Release\CherryEngine.exe
