c:\users\rasa_\source\repos\cherryengine\release\cherryengine.ipdb
c:\users\rasa_\source\repos\cherryengine\release\cherryengine.iobj
c:\users\rasa_\source\repos\cherryengine\cherryengine\release\vc142.pdb
c:\users\rasa_\source\repos\cherryengine\cherryengine\release\texture.obj
c:\users\rasa_\source\repos\cherryengine\cherryengine\release\vertexarray.obj
c:\users\rasa_\source\repos\cherryengine\cherryengine\release\vertexbuffer.obj
c:\users\rasa_\source\repos\cherryengine\cherryengine\release\window.obj
c:\users\rasa_\source\repos\cherryengine\cherryengine\release\main.obj
c:\users\rasa_\source\repos\cherryengine\cherryengine\release\renderer.obj
c:\users\rasa_\source\repos\cherryengine\cherryengine\release\indexbuffer.obj
c:\users\rasa_\source\repos\cherryengine\cherryengine\release\shader.obj
c:\users\rasa_\source\repos\cherryengine\cherryengine\release\bufferlayout.obj
c:\users\rasa_\source\repos\cherryengine\cherryengine\release\orthocamera.obj
c:\users\rasa_\source\repos\cherryengine\cherryengine\release\event.obj
c:\users\rasa_\source\repos\cherryengine\cherryengine\release\devices.obj
c:\users\rasa_\source\repos\cherryengine\release\cherryengine.exe
c:\users\rasa_\source\repos\cherryengine\release\cherryengine.pdb
c:\users\rasa_\source\repos\cherryengine\cherryengine\release\cherryengine.tlog\cherryengine.write.1u.tlog
c:\users\rasa_\source\repos\cherryengine\cherryengine\release\cherryengine.tlog\cl.command.1.tlog
c:\users\rasa_\source\repos\cherryengine\cherryengine\release\cherryengine.tlog\cl.read.1.tlog
c:\users\rasa_\source\repos\cherryengine\cherryengine\release\cherryengine.tlog\cl.write.1.tlog
c:\users\rasa_\source\repos\cherryengine\cherryengine\release\cherryengine.tlog\link.command.1.tlog
c:\users\rasa_\source\repos\cherryengine\cherryengine\release\cherryengine.tlog\link.read.1.tlog
c:\users\rasa_\source\repos\cherryengine\cherryengine\release\cherryengine.tlog\link.write.1.tlog
