c:\users\rasa_\source\repos\cherryengine\cherryengine\x64\debug\vc142.pdb
c:\users\rasa_\source\repos\cherryengine\cherryengine\x64\debug\vc142.idb
c:\users\rasa_\source\repos\cherryengine\cherryengine\x64\debug\texture.obj
c:\users\rasa_\source\repos\cherryengine\cherryengine\x64\debug\vertexarray.obj
c:\users\rasa_\source\repos\cherryengine\cherryengine\x64\debug\vertexbuffer.obj
c:\users\rasa_\source\repos\cherryengine\cherryengine\x64\debug\window.obj
c:\users\rasa_\source\repos\cherryengine\cherryengine\x64\debug\renderer.obj
c:\users\rasa_\source\repos\cherryengine\cherryengine\x64\debug\indexbuffer.obj
c:\users\rasa_\source\repos\cherryengine\cherryengine\x64\debug\shader.obj
c:\users\rasa_\source\repos\cherryengine\cherryengine\x64\debug\bufferlayout.obj
c:\users\rasa_\source\repos\cherryengine\cherryengine\x64\debug\orthocamera.obj
c:\users\rasa_\source\repos\cherryengine\cherryengine\x64\debug\devices.obj
c:\users\rasa_\source\repos\cherryengine\cherryengine\x64\debug\manimain.obj
c:\users\rasa_\source\repos\cherryengine\cherryengine\x64\debug\sandboxbase.obj
c:\users\rasa_\source\repos\cherryengine\cherryengine\x64\debug\crengine.obj
c:\users\rasa_\source\repos\cherryengine\x64\debug\cherryengine.pdb
c:\users\rasa_\source\repos\cherryengine\cherryengine\x64\debug\cherryengine.tlog\cl.command.1.tlog
c:\users\rasa_\source\repos\cherryengine\cherryengine\x64\debug\cherryengine.tlog\cl.read.1.tlog
c:\users\rasa_\source\repos\cherryengine\cherryengine\x64\debug\cherryengine.tlog\cl.write.1.tlog
c:\users\rasa_\source\repos\cherryengine\cherryengine\x64\debug\cherryengine.tlog\link-cvtres.read.1.tlog
c:\users\rasa_\source\repos\cherryengine\cherryengine\x64\debug\cherryengine.tlog\link-cvtres.write.1.tlog
c:\users\rasa_\source\repos\cherryengine\cherryengine\x64\debug\cherryengine.tlog\link-rc.read.1.tlog
c:\users\rasa_\source\repos\cherryengine\cherryengine\x64\debug\cherryengine.tlog\link-rc.write.1.tlog
c:\users\rasa_\source\repos\cherryengine\cherryengine\x64\debug\cherryengine.tlog\link.command.1.tlog
c:\users\rasa_\source\repos\cherryengine\cherryengine\x64\debug\cherryengine.tlog\link.read.1.tlog
c:\users\rasa_\source\repos\cherryengine\cherryengine\x64\debug\cherryengine.tlog\link.write.1.tlog
